File Tree: Bme main
Generated on: 3/3/2026, 8:05:50 PM
Root path: c:\Users\DHARSHNI\OneDrive\Desktop\Bme main

в”Җв”Җв”Җв”Җв”Җв”Җв”Җв”Җв”Җв”Җв”Җв”Җв”Җв”Җв”Җв”Җв”Җв”Җв”Җв”Җв”Җв”Җв”Җв”Җв”Җв”Җв”Җв”Җв”Җв”Җв”Җв”Җв”Җв”Җв”Җв”Җв”Җв”Җв”Җв”Җв”Җв”Җв”Җв”Җв”Җв”Җв”Җв”Җв”Җв”Җв”Җв”Җв”Җв”Җв”Җв”Җв”Җв”Җв”Җв”Җв”Җв”Җв”Җв”Җв”Җв”Җв”Җв”Җв”Җв”Җв”Җв”Җв”Җв”Җв”Җв”Җв”Җв”Җв”Җв”Җ

в”ңв”Җв”Җ рҹ“Ғ client/
в”Ӯ   в”ңв”Җв”Җ рҹ“Ғ app/
в”Ӯ   в”Ӯ   в”ңв”Җв”Җ рҹ“Ғ reset-password/
в”Ӯ   в”Ӯ   в”Ӯ   в””в”Җв”Җ рҹ“„ page.tsx
в”Ӯ   в”Ӯ   в”ңв”Җв”Җ рҹҺЁ globals.css
в”Ӯ   в”Ӯ   в”ңв”Җв”Җ рҹ“„ layout.tsx
в”Ӯ   в”Ӯ   в”ңв”Җв”Җ рҹ“„ not-found.tsx
в”Ӯ   в”Ӯ   в””в”Җв”Җ рҹ“„ page.tsx
в”Ӯ   в”ңв”Җв”Җ рҹ“Ғ components/
в”Ӯ   в”Ӯ   в”ңв”Җв”Җ рҹ“„ Analytics.tsx
в”Ӯ   в”Ӯ   в”ңв”Җв”Җ рҹ“„ Attendance.tsx
в”Ӯ   в”Ӯ   в”ңв”Җв”Җ рҹ“„ BackupRestore.tsx
в”Ӯ   в”Ӯ   в”ңв”Җв”Җ рҹ“„ BankAccounts.tsx
в”Ӯ   в”Ӯ   в”ңв”Җв”Җ рҹ“„ Creditors.tsx
в”Ӯ   в”Ӯ   в”ңв”Җв”Җ рҹ“„ Dashboard.tsx
в”Ӯ   в”Ӯ   в”ңв”Җв”Җ рҹ“„ DeleteData.tsx
в”Ӯ   в”Ӯ   в”ңв”Җв”Җ рҹ“„ FilterBar.tsx
в”Ӯ   в”Ӯ   в”ңв”Җв”Җ рҹ“„ Indent.tsx
в”Ӯ   в”Ӯ   в”ңв”Җв”Җ рҹ“„ Inventory.tsx
в”Ӯ   в”Ӯ   в”ңв”Җв”Җ рҹ“„ LoginForm.tsx
в”Ӯ   в”Ӯ   в”ңв”Җв”Җ рҹ“„ Logs.tsx
в”Ӯ   в”Ӯ   в”ңв”Җв”Җ рҹ“„ Maintenance.tsx
в”Ӯ   в”Ӯ   в”ңв”Җв”Җ рҹ“„ ManageUsers.tsx
в”Ӯ   в”Ӯ   в”ңв”Җв”Җ рҹ“„ NewEntry.tsx
в”Ӯ   в”Ӯ   в”ңв”Җв”Җ рҹ“„ PigmyR.tsx
в”Ӯ   в”Ӯ   в”ңв”Җв”Җ рҹ“„ PigmyS.tsx
в”Ӯ   в”Ӯ   в”ңв”Җв”Җ рҹ“„ RaiseTicket.tsx
в”Ӯ   в”Ӯ   в”ңв”Җв”Җ рҹ“„ Salary.tsx
в”Ӯ   в”Ӯ   в”ңв”Җв”Җ рҹ“„ Savings.tsx
в”Ӯ   в”Ӯ   в”ңв”Җв”Җ рҹ“„ Sidebar.tsx
в”Ӯ   в”Ӯ   в”ңв”Җв”Җ рҹ“„ Staff.tsx
в”Ӯ   в”Ӯ   в””в”Җв”Җ рҹ“„ ViewEntries.tsx
в”Ӯ   в”ңв”Җв”Җ рҹ“Ғ lib/
в”Ӯ   в”Ӯ   в””в”Җв”Җ рҹ“„ api.js
в”Ӯ   в”ңв”Җв”Җ рҹ“қ README.md
в”Ӯ   в”ңв”Җв”Җ рҹ“„ dev-output.txt
в”Ӯ   в”ңв”Җв”Җ рҹ“„ eslint.config.mjs
в”Ӯ   в”ңв”Җв”Җ рҹ“„ next-env.d.ts
в”Ӯ   в”ңв”Җв”Җ рҹ“„ next.config.js
в”Ӯ   в”ңв”Җв”Җ вҡҷпёҸ package-lock.json
в”Ӯ   в”ңв”Җв”Җ вҡҷпёҸ package.json
в”Ӯ   в”ңв”Җв”Җ рҹ“„ postcss.config.mjs
в”Ӯ   в”ңв”Җв”Җ рҹ“„ tailwind.config.js
в”Ӯ   в””в”Җв”Җ вҡҷпёҸ tsconfig.json
в”ңв”Җв”Җ рҹ“Ғ server/
в”Ӯ   в”ңв”Җв”Җ рҹ“Ғ database/
в”Ӯ   в”Ӯ   в”ңв”Җв”Җ рҹ“Ғ backups/
в”Ӯ   в”Ӯ   в”Ӯ   в””в”Җв”Җ вҡҷпёҸ users_backup_2026-02-03T11-52-04-589Z.json
в”Ӯ   в”Ӯ   в”ңв”Җв”Җ рҹ“Ғ migrations/
в”Ӯ   в”Ӯ   в”Ӯ   в”ңв”Җв”Җ рҹ“„ add_password_reset_fields.sql
в”Ӯ   в”Ӯ   в”Ӯ   в”ңв”Җв”Җ рҹ“„ add_user_verification_approval.sql
в”Ӯ   в”Ӯ   в”Ӯ   в””в”Җв”Җ рҹ“„ remove_is_email_verified.sql
в”Ӯ   в”Ӯ   в””в”Җв”Җ рҹ“„ schema.sql
в”Ӯ   в”ңв”Җв”Җ рҹ“Ғ src/
в”Ӯ   в”Ӯ   в”ңв”Җв”Җ рҹ“Ғ config/
в”Ӯ   в”Ӯ   в”Ӯ   в””в”Җв”Җ рҹ“„ database.js
в”Ӯ   в”Ӯ   в”ңв”Җв”Җ рҹ“Ғ controllers/
в”Ӯ   в”Ӯ   в”Ӯ   в”ңв”Җв”Җ рҹ“„ attendanceController.js
в”Ӯ   в”Ӯ   в”Ӯ   в”ңв”Җв”Җ рҹ“„ authController.js
в”Ӯ   в”Ӯ   в”Ӯ   в”ңв”Җв”Җ рҹ“„ bankController.js
в”Ӯ   в”Ӯ   в”Ӯ   в”ңв”Җв”Җ рҹ“„ creditorController.js
в”Ӯ   в”Ӯ   в”Ӯ   в”ңв”Җв”Җ рҹ“„ entryController.js
в”Ӯ   в”Ӯ   в”Ӯ   в”ңв”Җв”Җ рҹ“„ indentController.js
в”Ӯ   в”Ӯ   в”Ӯ   в”ңв”Җв”Җ рҹ“„ inventoryController.js
в”Ӯ   в”Ӯ   в”Ӯ   в”ңв”Җв”Җ рҹ“„ logController.js
в”Ӯ   в”Ӯ   в”Ӯ   в”ңв”Җв”Җ рҹ“„ maintenanceController.js
в”Ӯ   в”Ӯ   в”Ӯ   в”ңв”Җв”Җ рҹ“„ pigmyController.js
в”Ӯ   в”Ӯ   в”Ӯ   в”ңв”Җв”Җ рҹ“„ salaryController.js
в”Ӯ   в”Ӯ   в”Ӯ   в”ңв”Җв”Җ рҹ“„ savingsController.js
в”Ӯ   в”Ӯ   в”Ӯ   в”ңв”Җв”Җ рҹ“„ staffController.js
в”Ӯ   в”Ӯ   в”Ӯ   в””в”Җв”Җ рҹ“„ userController.js
в”Ӯ   в”Ӯ   в”ңв”Җв”Җ рҹ“Ғ middleware/
в”Ӯ   в”Ӯ   в”Ӯ   в”ңв”Җв”Җ рҹ“„ authMiddleware.js
в”Ӯ   в”Ӯ   в”Ӯ   в””в”Җв”Җ рҹ“„ errorHandler.js
в”Ӯ   в”Ӯ   в”ңв”Җв”Җ рҹ“Ғ models/
в”Ӯ   в”Ӯ   в”ңв”Җв”Җ рҹ“Ғ routes/
в”Ӯ   в”Ӯ   в”Ӯ   в”ңв”Җв”Җ рҹ“„ attendance.js
в”Ӯ   в”Ӯ   в”Ӯ   в”ңв”Җв”Җ рҹ“„ auth.js
в”Ӯ   в”Ӯ   в”Ӯ   в”ңв”Җв”Җ рҹ“„ bank.js
в”Ӯ   в”Ӯ   в”Ӯ   в”ңв”Җв”Җ рҹ“„ creditors.js
в”Ӯ   в”Ӯ   в”Ӯ   в”ңв”Җв”Җ рҹ“„ entries.js
в”Ӯ   в”Ӯ   в”Ӯ   в”ңв”Җв”Җ рҹ“„ indent.js
в”Ӯ   в”Ӯ   в”Ӯ   в”ңв”Җв”Җ рҹ“„ inventory.js
в”Ӯ   в”Ӯ   в”Ӯ   в”ңв”Җв”Җ рҹ“„ logs.js
в”Ӯ   в”Ӯ   в”Ӯ   в”ңв”Җв”Җ рҹ“„ maintenance.js
в”Ӯ   в”Ӯ   в”Ӯ   в”ңв”Җв”Җ рҹ“„ pigmy.js
в”Ӯ   в”Ӯ   в”Ӯ   в”ңв”Җв”Җ рҹ“„ salary.js
в”Ӯ   в”Ӯ   в”Ӯ   в”ңв”Җв”Җ рҹ“„ savings.js
в”Ӯ   в”Ӯ   в”Ӯ   в”ңв”Җв”Җ рҹ“„ staff.js
в”Ӯ   в”Ӯ   в”Ӯ   в””в”Җв”Җ рҹ“„ users.js
в”Ӯ   в”Ӯ   в”ңв”Җв”Җ рҹ“Ғ utils/
в”Ӯ   в”Ӯ   в”Ӯ   в”ңв”Җв”Җ рҹ“„ apply_migration.js
в”Ӯ   в”Ӯ   в”Ӯ   в”ңв”Җв”Җ рҹ“„ apply_password_reset_migration.js
в”Ӯ   в”Ӯ   в”Ӯ   в”ңв”Җв”Җ рҹ“„ check_db.js
в”Ӯ   в”Ӯ   в”Ӯ   в”ңв”Җв”Җ рҹ“„ email.js
в”Ӯ   в”Ӯ   в”Ӯ   в”ңв”Җв”Җ рҹ“„ find_user.js
в”Ӯ   в”Ӯ   в”Ӯ   в”ңв”Җв”Җ рҹ“„ helpers.js
в”Ӯ   в”Ӯ   в”Ӯ   в””в”Җв”Җ рҹ“„ list_pending_users.js
в”Ӯ   в”Ӯ   в””в”Җв”Җ рҹ“„ server.js
в”Ӯ   в”ңв”Җв”Җ вҡҷпёҸ package-lock.json
в”Ӯ   в””в”Җв”Җ вҡҷпёҸ package.json
в””в”Җв”Җ рҹ“қ README.md

в”Җв”Җв”Җв”Җв”Җв”Җв”Җв”Җв”Җв”Җв”Җв”Җв”Җв”Җв”Җв”Җв”Җв”Җв”Җв”Җв”Җв”Җв”Җв”Җв”Җв”Җв”Җв”Җв”Җв”Җв”Җв”Җв”Җв”Җв”Җв”Җв”Җв”Җв”Җв”Җв”Җв”Җв”Җв”Җв”Җв”Җв”Җв”Җв”Җв”Җв”Җв”Җв”Җв”Җв”Җв”Җв”Җв”Җв”Җв”Җв”Җв”Җв”Җв”Җв”Җв”Җв”Җв”Җв”Җв”Җв”Җв”Җв”Җв”Җв”Җв”Җв”Җв”Җв”Җв”Җ
Generated by FileTree Pro Extension